[I 2024-12-27 09:48:40,089] Trial 14 finished with value: 2547055173.630784 and parameters: {'embed_dim': 16, 'num_heads': 4, 'depth': 5, 'dropout': 0.37894984681651955, 'lr': 0.009864521868478872, 'batch_size': 16, 'epochs': 100}. Best is trial 14 with value: 2547055173.630784.
2024-12-27 09:50:00,259 - INFO - Training time for current run: 80 seconds
[I 2024-12-27 09:50:00,263] Trial 15 finished with value: 2549019477.764758 and parameters: {'embed_dim': 16, 'num_heads': 4, 'depth': 5, 'dropout': 0.3577409060576749, 'lr': 0.008670898832001691, 'batch_size': 16, 'epochs': 100}. Best is trial 14 with value: 2547055173.630784.
2024-12-27 09:50:26,603 - INFO - Training time for current run: 26 seconds
[I 2024-12-27 09:50:26,607] Trial 16 finished with value: 2569612423.9305367 and parameters: {'embed_dim': 64, 'num_heads': 4, 'depth': 5, 'dropout': 0.2939928236662059, 'lr': 0.00910780641905629, 'batch_size': 64, 'epochs': 100}. Best is trial 14 with value: 2547055173.630784.
2024-12-27 09:51:38,869 - INFO - Training time for current run: 72 seconds
[I 2024-12-27 09:51:38,872] Trial 17 finished with value: 2568302836.614103 and parameters: {'embed_dim': 16, 'num_heads': 4, 'depth': 5, 'dropout': 0.40325855195228166, 'lr': 0.00495788049500543, 'batch_size': 16, 'epochs': 90}. Best is trial 14 with value: 2547055173.630784.
2024-12-27 09:52:51,077 - INFO - Training time for current run: 72 seconds
[I 2024-12-27 09:52:51,080] Trial 18 finished with value: 2575825286.0169497 and parameters: {'embed_dim': 16, 'num_heads': 4, 'depth': 5, 'dropout': 0.3171272690610351, 'lr': 0.009868781932081473, 'batch_size': 16, 'epochs': 90}. Best is trial 14 with value: 2547055173.630784.
2024-12-27 09:53:17,271 - INFO - Training time for current run: 26 seconds
[I 2024-12-27 09:53:17,275] Trial 19 finished with value: 2570065515.9978523 and parameters: {'embed_dim': 16, 'num_heads': 2, 'depth': 3, 'dropout': 0.38250481510048606, 'lr': 0.0018959898296166142, 'batch_size': 64, 'epochs': 100}. Best is trial 14 with value: 2547055173.630784.
2024-12-27 09:53:17,275 - INFO - Time taken for hyperparameter optimization for House 16: 14.7 minutes
2024-12-27 09:53:17,275 - INFO - Best parameters for House 16: {'embed_dim': 16, 'num_heads': 4, 'depth': 5, 'dropout': 0.37894984681651955, 'lr': 0.009864521868478872, 'batch_size': 16, 'epochs': 100}
2024-12-27 09:54:37,701 - INFO - Training time for current run: 80 seconds
2024-12-27 09:54:37,704 - INFO - Final Train MSE: 2566935246.3585, R^2: 0.1053
2024-12-27 09:54:37,706 - INFO - Test MSE: 2330339013.7354, R^2: 0.1157
2024-12-27 09:54:37,706 - INFO - Processing dataset: Delta Elevators
/home/davtyan.edd/projects/nn_regression/utils.py:212: FutureWarning: The 'delim_whitespace' keyword in pd.read_csv is deprecated and will be removed in a future version. Use ``sep='\s+'`` instead
  domain_data = pd.read_csv(
/home/davtyan.edd/projects/nn_regression/utils.py:218: FutureWarning: The 'delim_whitespace' keyword in pd.read_csv is deprecated and will be removed in a future version. Use ``sep='\s+'`` instead
  data = pd.read_csv("datasets/Elevators/delta_elevators.data",
2024-12-27 09:54:37,715 - ERROR - Error processing Delta Elevators: index 6 is out of bounds for axis 1 with size 6
2024-12-27 09:54:37,715 - INFO - Processing dataset: Housing
/home/davtyan.edd/projects/nn_regression/utils.py:288: FutureWarning: A value is trying to be set on a copy of a DataFrame or Series through chained assignment using an inplace method.
The behavior will change in pandas 3.0. This inplace method will never work because the intermediate object on which we are setting values always behaves as a copy.

For example, when doing 'df[col].method(value, inplace=True)', try using 'df.method({col: value}, inplace=True)' or df[col] = df[col].method(value) instead, to perform the operation inplace on the original object.


  data['total_bedrooms'].fillna(data['total_bedrooms'].median(), inplace=True)
2024-12-27 09:54:37,733 - ERROR - Error processing Housing: ufunc 'isnan' not supported for the input types, and the inputs could not be safely coerced to any supported types according to the casting rule ''safe''
2024-12-27 09:54:37,735 - INFO - Processing dataset: Insurance
2024-12-27 09:54:37,740 - ERROR - Error processing Insurance: NaN values found in Insurance dataset after splitting.
2024-12-27 09:54:37,740 - INFO - Total experiment time: 0.5 hours
